0 info it worked if it ends with ok
1 verbose cli [ '/usr/local/bin/node',
1 verbose cli   '/usr/local/bin/npm',
1 verbose cli   'install',
1 verbose cli   '-g',
1 verbose cli   'forever' ]
2 info using npm@1.4.14
3 info using node@v0.10.29
4 verbose cache add [ 'forever', null ]
5 verbose cache add name=undefined spec="forever" args=["forever",null]
6 verbose parsed url { protocol: null,
6 verbose parsed url   slashes: null,
6 verbose parsed url   auth: null,
6 verbose parsed url   host: null,
6 verbose parsed url   port: null,
6 verbose parsed url   hostname: null,
6 verbose parsed url   hash: null,
6 verbose parsed url   search: null,
6 verbose parsed url   query: null,
6 verbose parsed url   pathname: 'forever',
6 verbose parsed url   path: 'forever',
6 verbose parsed url   href: 'forever' }
7 silly lockFile e07f8c4a-forever forever
8 verbose lock forever /home/showzeb/.npm/e07f8c4a-forever.lock
9 silly lockFile e07f8c4a-forever forever
10 silly lockFile e07f8c4a-forever forever
11 verbose addNamed [ 'forever', '' ]
12 verbose addNamed [ null, '*' ]
13 silly lockFile 28ef027b-forever forever@
14 verbose lock forever@ /home/showzeb/.npm/28ef027b-forever.lock
15 silly addNameRange { name: 'forever', range: '*', hasData: false }
16 verbose url raw forever
17 verbose url resolving [ 'https://registry.npmjs.org/', './forever' ]
18 verbose url resolved https://registry.npmjs.org/forever
19 info trying registry request attempt 1 at 23:21:31
20 http GET https://registry.npmjs.org/forever
21 http 200 https://registry.npmjs.org/forever
22 silly registry.get cb [ 200,
22 silly registry.get   { date: 'Mon, 16 Jun 2014 06:21:31 GMT',
22 silly registry.get     server: 'CouchDB/1.5.0 (Erlang OTP/R14B04)',
22 silly registry.get     etag: '"5IJQLKM0LDAGQRTKIDDJSWGRB"',
22 silly registry.get     'content-type': 'application/json',
22 silly registry.get     'cache-control': 'max-age=30',
22 silly registry.get     'content-length': '64235',
22 silly registry.get     'accept-ranges': 'bytes',
22 silly registry.get     via: '1.1 varnish',
22 silly registry.get     age: '511',
22 silly registry.get     'x-served-by': 'cache-lax1426-LAX',
22 silly registry.get     'x-cache': 'HIT',
22 silly registry.get     'x-cache-hits': '1',
22 silly registry.get     'x-timer': 'S1402899691.552257,VS0,VE0',
22 silly registry.get     vary: 'Accept',
22 silly registry.get     'keep-alive': 'timeout=10, max=50',
22 silly registry.get     connection: 'Keep-Alive' } ]
23 silly addNameRange number 2 { name: 'forever', range: '*', hasData: true }
24 silly addNameRange versions [ 'forever',
24 silly addNameRange   [ '0.6.0',
24 silly addNameRange     '0.6.1',
24 silly addNameRange     '0.6.2',
24 silly addNameRange     '0.6.3',
24 silly addNameRange     '0.6.4',
24 silly addNameRange     '0.6.5',
24 silly addNameRange     '0.6.6',
24 silly addNameRange     '0.6.7',
24 silly addNameRange     '0.6.8',
24 silly addNameRange     '0.6.9',
24 silly addNameRange     '0.7.0',
24 silly addNameRange     '0.7.1',
24 silly addNameRange     '0.7.2',
24 silly addNameRange     '0.7.3',
24 silly addNameRange     '0.7.4',
24 silly addNameRange     '0.7.5',
24 silly addNameRange     '0.8.0',
24 silly addNameRange     '0.8.1',
24 silly addNameRange     '0.8.2',
24 silly addNameRange     '0.8.3',
24 silly addNameRange     '0.8.4',
24 silly addNameRange     '0.8.5',
24 silly addNameRange     '0.9.0',
24 silly addNameRange     '0.9.1',
24 silly addNameRange     '0.9.2',
24 silly addNameRange     '0.10.0',
24 silly addNameRange     '0.10.5',
24 silly addNameRange     '0.10.6',
24 silly addNameRange     '0.10.7',
24 silly addNameRange     '0.10.8',
24 silly addNameRange     '0.10.9',
24 silly addNameRange     '0.10.10',
24 silly addNameRange     '0.10.11',
24 silly addNameRange     '0.11.0',
24 silly addNameRange     '0.11.1' ] ]
25 verbose addNamed [ 'forever', '0.11.1' ]
26 verbose addNamed [ '0.11.1', '0.11.1' ]
27 silly lockFile 4466a206-forever-0-11-1 forever@0.11.1
28 verbose lock forever@0.11.1 /home/showzeb/.npm/4466a206-forever-0-11-1.lock
29 silly lockFile 10f1a948-s-org-forever-forever-0-11-1-tgz https://registry.npmjs.org/forever/-/forever-0.11.1.tgz
30 verbose lock https://registry.npmjs.org/forever/-/forever-0.11.1.tgz /home/showzeb/.npm/10f1a948-s-org-forever-forever-0-11-1-tgz.lock
31 verbose addRemoteTarball [ 'https://registry.npmjs.org/forever/-/forever-0.11.1.tgz',
31 verbose addRemoteTarball   '50ac8744c0a6e0c266524c4746397f74d6b09c5b' ]
32 info retry fetch attempt 1 at 23:21:31
33 verbose fetch to= /home/showzeb/tmp/npm-2611-T-qQxRzf/registry.npmjs.org/forever/-/forever-0.11.1.tgz
34 http GET https://registry.npmjs.org/forever/-/forever-0.11.1.tgz
35 http 200 https://registry.npmjs.org/forever/-/forever-0.11.1.tgz
36 silly lockFile 10f1a948-s-org-forever-forever-0-11-1-tgz https://registry.npmjs.org/forever/-/forever-0.11.1.tgz
37 silly lockFile 10f1a948-s-org-forever-forever-0-11-1-tgz https://registry.npmjs.org/forever/-/forever-0.11.1.tgz
38 silly lockFile 4466a206-forever-0-11-1 forever@0.11.1
39 silly lockFile 4466a206-forever-0-11-1 forever@0.11.1
40 silly lockFile 28ef027b-forever forever@
41 silly lockFile 28ef027b-forever forever@
42 silly resolved [ { name: 'forever',
42 silly resolved     preferGlobal: 'true',
42 silly resolved     description: 'A simple CLI tool for ensuring that a given node script runs continuously (i.e. forever)',
42 silly resolved     version: '0.11.1',
42 silly resolved     author: { name: 'Nodejitsu Inc.', email: 'info@nodejitsu.com' },
42 silly resolved     maintainers: [ [Object], [Object], [Object], [Object], [Object], [Object] ],
42 silly resolved     repository: { type: 'git', url: 'http://github.com/nodejitsu/forever.git' },
42 silly resolved     keywords: [ 'cli', 'fault tolerant', 'sysadmin', 'tools' ],
42 silly resolved     dependencies:
42 silly resolved      { colors: '~0.6.2',
42 silly resolved        cliff: '0.1.8',
42 silly resolved        flatiron: '~0.3.11',
42 silly resolved        'forever-monitor': '1.2.3',
42 silly resolved        nconf: '~0.6.9',
42 silly resolved        nssocket: '~0.5.1',
42 silly resolved        optimist: '~0.6.0',
42 silly resolved        pkginfo: '0.3.0',
42 silly resolved        timespan: '~2.3.0',
42 silly resolved        watch: '~0.8.0',
42 silly resolved        utile: '~0.2.1',
42 silly resolved        winston: '~0.7.2' },
42 silly resolved     devDependencies:
42 silly resolved      { broadway: '0.2.x',
42 silly resolved        eventemitter2: '0.4.x',
42 silly resolved        request: '2.x.x',
42 silly resolved        vows: '0.7.x' },
42 silly resolved     bin: { forever: './bin/forever', foreverd: './bin/foreverd' },
42 silly resolved     main: './lib/forever',
42 silly resolved     scripts: { test: 'vows test/**/*-test.js --spec -i' },
42 silly resolved     engines: { node: '>= 0.8.x' },
42 silly resolved     bugs: { url: 'https://github.com/nodejitsu/forever/issues' },
42 silly resolved     homepage: 'https://github.com/nodejitsu/forever',
42 silly resolved     _id: 'forever@0.11.1',
42 silly resolved     dist:
42 silly resolved      { shasum: '50ac8744c0a6e0c266524c4746397f74d6b09c5b',
42 silly resolved        tarball: 'http://registry.npmjs.org/forever/-/forever-0.11.1.tgz' },
42 silly resolved     _from: 'forever@',
42 silly resolved     _npmVersion: '1.4.3',
42 silly resolved     _npmUser: { name: 'julianduque', email: 'julianduquej@gmail.com' },
42 silly resolved     directories: {},
42 silly resolved     _shasum: '50ac8744c0a6e0c266524c4746397f74d6b09c5b',
42 silly resolved     _resolved: 'https://registry.npmjs.org/forever/-/forever-0.11.1.tgz' } ]
43 info install forever@0.11.1 into /usr/local/lib
44 info installOne forever@0.11.1
45 info /usr/local/lib/node_modules/forever unbuild
46 info preuninstall forever@0.11.1
47 info uninstall forever@0.11.1
48 verbose true,/usr/local/lib/node_modules,/usr/local/lib/node_modules unbuild forever@0.11.1
49 verbose /usr/local/bin,[object Object] binRoot
50 info /usr/local/lib/node_modules/forever unbuild
51 info preuninstall forever@0.11.1
52 info uninstall forever@0.11.1
53 verbose true,/usr/local/lib/node_modules,/usr/local/lib/node_modules unbuild forever@0.11.1
54 verbose /usr/local/bin,[object Object] binRoot
55 error error rolling back Error: EACCES, unlink '/usr/local/bin/forever'
55 error error rolling back  forever@0.11.1 { [Error: EACCES, unlink '/usr/local/bin/forever'] errno: 3, code: 'EACCES', path: '/usr/local/bin/forever' }
56 error Error: EACCES, unlink '/usr/local/bin/forever'
56 error  { [Error: EACCES, unlink '/usr/local/bin/forever'] errno: 3, code: 'EACCES', path: '/usr/local/bin/forever' }
57 error Please try running this command again as root/Administrator.
58 error System Linux 2.6.32-042stab085.20
59 error command "/usr/local/bin/node" "/usr/local/bin/npm" "install" "-g" "forever"
60 error cwd /home/showzeb/myapp
61 error node -v v0.10.29
62 error npm -v 1.4.14
63 error path /usr/local/bin/forever
64 error code EACCES
65 error errno 3
66 error stack Error: EACCES, unlink '/usr/local/bin/forever'
67 verbose exit [ 3, true ]
